
Summary for L-MPS:
 npts   = None
 <H(P)> = -2.75770467015
 ovlp   = 1.0
 <(P)>  = None
 Energy = -2.75770467015
 Econst = 0.0
 Etotal = -2.75770467015
 bBdims = [1, 4, 16, 30, 30, 30, 1]
 kBdims = [1, 4, 16, 30, 30, 30, 1]
### Energy decompositions: <Hp> ###
 nsite = 6
 ecomp = [-0.37675361 -0.49218155 -0.41217278 -0.53223987 -0.41214607 -0.53221079]
 ecomp = [-0.37675361 -0.49218155 -0.41217278 -0.53223987 -0.41214607 -0.53221079]
 etot  = -2.75770467015
[-0.37675361 -0.49218155 -0.41217278 -0.53223987 -0.41214607 -0.53221079]

[mpo_dmrg_class.final]
 path =  ./dateDec__2_21_05_06_2016_rank0_pid52885_mpo_dmrg
 close flmps ...
 close frmps ...
 close fhop ...

