
################################################################################
fname= lmps_data_for_h3_631g/lmps_NQt_NProj
################################################################################

[mps_class.analyzer] case = n
 ksite = 6
 norm0 = 1.0
 bdims = [4, 16, 30, 30, 30]
 n =  0  p[n] =  -0.00000
 n =  1  p[n] =  -0.00000
 n =  2  p[n] =  -0.00000
 n =  3  p[n] =   1.00000
 n =  4  p[n] =  -0.00000
 n =  5  p[n] =  -0.00000
 n =  6  p[n] =  -0.00000
 n =  7  p[n] =  -0.00000
 n =  8  p[n] =  -0.00000
 n =  9  p[n] =  -0.00000
 n = 10  p[n] =  -0.00000
 n = 11  p[n] =  -0.00000
 n = 12  p[n] =  -0.00000
 Total population = 0.99999901354
 <O> population = 2.99999047871

[mps_class.analyzer] case = sz
 ksite = 6
 norm0 = 1.0
 bdims = [4, 16, 30, 30, 30]
 sz = -3.0  p[n] =   0.00000
 sz = -2.5  p[n] =  -0.00000
 sz = -2.0  p[n] =   0.00000
 sz = -1.5  p[n] =  -0.00000
 sz = -1.0  p[n] =   0.00000
 sz = -0.5  p[n] =  -0.00000
 sz =  0.0  p[n] =   0.00000
 sz =  0.5  p[n] =   1.00000
 sz =  1.0  p[n] =   0.00000
 sz =  1.5  p[n] =  -0.00000
 sz =  2.0  p[n] =   0.00000
 sz =  2.5  p[n] =  -0.00000
 sz =  3.0  p[n] =   0.00000
 Total population = 0.999999937306
 <O> population = 0.500000057744

[mps_class.analyzer] case = s2
 ksite = 6
 norm0 = 1.0
 bdims = [4, 16, 30, 30, 30]
 stot =  0.0  p[n] = 0.0
 stot =  0.5  p[n] = 0.999999999776
 stot =  1.0  p[n] = 0.0
 stot =  1.5  p[n] = 1.92710569041e-10
 stot =  2.0  p[n] = 0.0
 stot =  2.5  p[n] = -4.48248393698e-11
 stot =  3.0  p[n] = 0.0
 S[eff] = 0.500000000081
 Total population = 0.999999999924
 <O> population = 0.750000000162

[mps_class.analyzer] case = omega
 ksite = 6
 norm0 = 1.0
 bdims = [4, 16, 30, 30, 30]
 omega =  0  p[n] =  -0.00000
 omega =  1  p[n] =   0.19259
 omega =  2  p[n] =  -0.00000
 omega =  3  p[n] =   0.80741
 omega =  4  p[n] =  -0.00000
 omega =  5  p[n] =  -0.00000
 omega =  6  p[n] =  -0.00000
 Total population = 0.999999889816
 <O> population = 2.6148103573

expect_S2= 0.750000000668
expect_Omega= 2.61481075903
expect_N=
[ 0.86290432  1.06859932  1.06849635]
nelec= 3.0
expect_NN=
[[ 1.06887609  0.76000299  0.7598339 ]
 [ 0.76000299  1.3527222   1.09307278]
 [ 0.7598339   1.09307278  1.35258239]]
nelec2= 9.0
expect_SS=
[[ 0.4930342  -0.30721749 -0.30743351]
 [-0.30721749  0.5903014   0.15285734]
 [-0.30743351  0.15285734  0.59025173]]
s2exp= 0.750000000668
seff= 0.500000000334
 skewness of rdm1t = 2.76164490472e-16
 skewness of rdm1s = 1.76907777094e-16
rdm1t=
[[ 0.35172132  0.42013721  0.22422143  0.31353427  0.22432972  0.31365518]
 [ 0.42013721  0.51118301  0.29006727  0.39938179  0.29019555  0.39952343]
 [ 0.22422143  0.29006727  0.4374354   0.51980558 -0.01693933  0.02393815]
 [ 0.31353427  0.39938179  0.51980558  0.63116392  0.02394304  0.08385675]
 [ 0.22432972  0.29019555 -0.01693933  0.02394304  0.43739468  0.51975586]
 [ 0.31365518  0.39952343  0.02393815  0.08385675  0.51975586  0.63110168]]
rdm1s=
[[-0.03894534 -0.04128707 -0.00380833 -0.01269343 -0.00377948 -0.01265644]
 [-0.04128707 -0.04214339  0.00321051 -0.00592691  0.00323948 -0.00588844]
 [-0.00380833  0.00321051  0.13262388  0.14533272 -0.07473203 -0.08619534]
 [-0.01269343 -0.00592691  0.14533272  0.15800906 -0.08620498 -0.10163467]
 [-0.00377948  0.00323948 -0.07473203 -0.08620498  0.13254575  0.14524419]
 [-0.01265644 -0.00588844 -0.08619534 -0.10163467  0.14524419  0.15791005]]

################################################################################
fname= lmps_data_for_h3_631g/lmps_NQt_Proj
################################################################################

[mps_class.analyzer] case = n
 ksite = 6
 norm0 = 1.0
 bdims = [4, 16, 30, 30, 30]
 n =  0  p[n] =  -0.00000
 n =  1  p[n] =  -0.00000
 n =  2  p[n] =  -0.00000
 n =  3  p[n] =   1.00000
 n =  4  p[n] =  -0.00000
 n =  5  p[n] =  -0.00000
 n =  6  p[n] =  -0.00000
 n =  7  p[n] =  -0.00000
 n =  8  p[n] =  -0.00000
 n =  9  p[n] =  -0.00000
 n = 10  p[n] =  -0.00000
 n = 11  p[n] =  -0.00000
 n = 12  p[n] =  -0.00000
 Total population = 0.99999901354
 <O> population = 2.99999047871

[mps_class.analyzer] case = sz
 ksite = 6
 norm0 = 1.0
 bdims = [4, 16, 30, 30, 30]
 sz = -3.0  p[n] =   0.00000
 sz = -2.5  p[n] =  -0.00000
 sz = -2.0  p[n] =   0.00000
 sz = -1.5  p[n] =  -0.00000
 sz = -1.0  p[n] =   0.00000
 sz = -0.5  p[n] =  -0.00000
 sz =  0.0  p[n] =   0.00000
 sz =  0.5  p[n] =   1.00000
 sz =  1.0  p[n] =   0.00000
 sz =  1.5  p[n] =  -0.00000
 sz =  2.0  p[n] =   0.00000
 sz =  2.5  p[n] =  -0.00000
 sz =  3.0  p[n] =   0.00000
 Total population = 0.999999937306
 <O> population = 0.500000057744

[mps_class.analyzer] case = s2
 ksite = 6
 norm0 = 1.0
 bdims = [4, 16, 30, 30, 30]
 stot =  0.0  p[n] = 0.0
 stot =  0.5  p[n] = 0.404709336507
 stot =  1.0  p[n] = 0.0
 stot =  1.5  p[n] = 0.595290663462
 stot =  2.0  p[n] = 0.0
 stot =  2.5  p[n] = -9.28549003002e-11
 stot =  3.0  p[n] = 0.0
 S[eff] = 1.16909316383
 Total population = 0.999999999876
 <O> population = 2.53587198955

[mps_class.analyzer] case = omega
 ksite = 6
 norm0 = 1.0
 bdims = [4, 16, 30, 30, 30]
 omega =  0  p[n] =  -0.00000
 omega =  1  p[n] =   0.07795
 omega =  2  p[n] =  -0.00000
 omega =  3  p[n] =   0.92205
 omega =  4  p[n] =  -0.00000
 omega =  5  p[n] =  -0.00000
 omega =  6  p[n] =  -0.00000
 Total population = 0.999999900408
 <O> population = 2.84410920098
<P>= 0.404709336517

expect_S2= 0.75
expect_Omega= 2.61480880876
expect_N=
[ 0.86291103  1.06827684  1.06881213]
nelec= 3.0
expect_NN=
[[ 1.0688943   0.75947792  0.76036087]
 [ 0.75947792  1.35228607  1.09306653]
 [ 0.76036087  1.09306653  1.35300899]]
nelec2= 9.0
expect_SS=
[[ 0.49303052 -0.30787632 -0.30676963]
 [-0.30787632  0.59014428  0.15285559]
 [-0.30676963  0.15285559  0.59040593]]
s2exp= 0.75
seff= 0.5
 skewness of rdm1t = 4.32916917795e-16
 skewness of rdm1s = 1.13893877185e-16
rdm1t=
[[ 0.3517234   0.42013976  0.2245576   0.31390731  0.22399601  0.31328174]
 [ 0.42013976  0.51118762  0.29046824  0.39982148  0.28980118  0.3990876 ]
 [ 0.2245576   0.29046824  0.43731426  0.51965008 -0.01694346  0.02395303]
 [ 0.31390731  0.39982148  0.51965008  0.63096258  0.02392541  0.08385807]
 [ 0.22399601  0.28980118 -0.01694346  0.02392541  0.43752537  0.51990917]
 [ 0.31328174  0.3990876   0.02395303  0.08385807  0.51990917  0.63128676]]
rdm1s=
[[-0.03894114 -0.04128143 -0.0037187  -0.0125791  -0.00386837 -0.01277034]
 [-0.04128143 -0.04213581  0.00330125 -0.00580713  0.00315162 -0.00600604]
 [-0.0037187   0.00330125  0.13238418  0.14505784 -0.07473349 -0.08622542]
 [-0.0125791  -0.00580713  0.14505784  0.15769819 -0.08617656 -0.10163506]
 [-0.00386837  0.00315162 -0.07473349 -0.08617656  0.13278801  0.14551393]
 [-0.01277034 -0.00600604 -0.08622542 -0.10163506  0.14551393  0.15820658]]

################################################################################
fname= lmps_data_for_h3_631g/lmps_Qt_NProj
################################################################################

expect_S2= 0.750000000645
expect_Omega= 2.6148086198
expect_N=
[ 0.86290409  1.06861039  1.06848552]
nelec= 3.0
expect_NN=
[[ 1.06887451  0.76002097  0.75981679]
 [ 0.76002097  1.35273772  1.09307248]
 [ 0.75981679  1.09307248  1.35256728]]
nelec2= 9.0
expect_SS=
[[ 0.49303504 -0.30719663 -0.30745489]
 [-0.30719663  0.59030634  0.15285746]
 [-0.30745489  0.15285746  0.59024675]]
s2exp= 0.750000000645
seff= 0.500000000323
 skewness of rdm1t = 2.09550000554e-16
 skewness of rdm1s = 1.0659731081e-16
rdm1t=
[[ 0.35172106  0.42013705  0.2242101   0.31352217  0.22434001  0.31366684]
 [ 0.42013705  0.51118303  0.29005395  0.39936787  0.29020823  0.39953751]
 [ 0.2242101   0.29005395  0.43743892  0.51981086 -0.01693947  0.02393785]
 [ 0.31352217  0.39936787  0.51981086  0.63117147  0.02394341  0.08385708]
 [ 0.22434001  0.29020823 -0.01693947  0.02394341  0.43739073  0.51975065]
 [ 0.31366684  0.39953751  0.02393785  0.08385708  0.51975065  0.63109479]]
rdm1s=
[[-0.03894519 -0.04128689 -0.00381106 -0.01269739 -0.00377658 -0.01265255]
 [-0.04128689 -0.04214314  0.00320778 -0.00593117  0.00324246 -0.00588425]
 [-0.00381106  0.00320778  0.13263184  0.1453414  -0.07473194 -0.086194  ]
 [-0.01269739 -0.00593117  0.1453414   0.15801826 -0.08620658 -0.10163512]
 [-0.00377658  0.00324246 -0.07473194 -0.08620658  0.13253802  0.14523537]
 [-0.01265255 -0.00588425 -0.086194   -0.10163512  0.14523537  0.15790021]]

################################################################################
fname= lmps_data_for_h3_631g/lmps_Qt_Proj
################################################################################
<P>= 0.385426391427

expect_S2= 0.75
expect_Omega= 2.61481684401
expect_N=
[ 0.86291286  1.06841035  1.06867679]
nelec= 3.0
expect_NN=
[[ 1.06889059  0.75970692  0.76014108]
 [ 0.75970692  1.35246001  1.09306412]
 [ 0.76014108  1.09306412  1.35282516]]
nelec2= 9.0
expect_SS=
[[ 0.49303615 -0.30759575 -0.30705783]
 [-0.30759575  0.5902145   0.15285789]
 [-0.30705783  0.15285789  0.59034072]]
s2exp= 0.75
seff= 0.5
 skewness of rdm1t = 4.8927813367e-16
 skewness of rdm1s = 1.51674265195e-16
rdm1t=
[[ 0.35172639  0.42014152  0.22441342  0.31374499  0.22414119  0.31344322]
 [ 0.42014152  0.51118647  0.29029635  0.39962998  0.28996949  0.39927192]
 [ 0.22441342  0.29029635  0.43736696  0.51971512 -0.01694239  0.02394508]
 [ 0.31374499  0.39962998  0.51971512  0.63104339  0.02393278  0.08385548]
 [ 0.22414119  0.28996949 -0.01694239  0.02393278  0.43747176  0.51984385]
 [ 0.31344322  0.39927192  0.02394508  0.08385548  0.51984385  0.63120502]]
rdm1s=
[[-0.03894079 -0.04128188 -0.00375707 -0.01262696 -0.00382967 -0.01272076]
 [-0.04128188 -0.0421375   0.00326251 -0.00585704  0.00318837 -0.00595635]
 [-0.00375707  0.00326251  0.13248614  0.14517521 -0.07473397 -0.08621377]
 [-0.01262696 -0.00585704  0.14517521  0.15783163 -0.08618844 -0.10163439]
 [-0.00382967  0.00318837 -0.07473397 -0.08618844  0.13268248  0.14539678]
 [-0.01272076 -0.00595635 -0.08621377 -0.10163439  0.14539678  0.15807805]]

